  Exam1.cpp
C:\Program Files\Microsoft Visual Studio\2022\Community\VC\Tools\MSVC\14.38.33130\include\filesystem(12): warning STL4038: The contents of <filesystem> are available only with C++17 or later.
C:\Users\User\source\repos\Exam1\Exam1\Exam1.cpp(6,21): error C2039: "filesystem": не является членом "std".
  C:\Program Files\Microsoft Visual Studio\2022\Community\VC\Tools\MSVC\14.38.33130\include\string(23,1):
   см. объявление "std"
  
C:\Users\User\source\repos\Exam1\Exam1\Exam1.cpp(6,21): error C2878: filesystem: пространство имен или класс с таким именем не существует
C:\Users\User\source\repos\Exam1\Exam1\Exam1.cpp(12,28): error C2653: fs: не является именем класса или пространства имен
C:\Users\User\source\repos\Exam1\Exam1\Exam1.cpp(12,1): error C2530: entry: ссылки должны быть инициализированы
C:\Users\User\source\repos\Exam1\Exam1\Exam1.cpp(12,1): error C3531: entry: символ, тип которого содержит спецификатор 'auto' должен иметь инициализатор
C:\Users\User\source\repos\Exam1\Exam1\Exam1.cpp(12,26): error C2143: синтаксическая ошибка: отсутствие ";" перед ":"
C:\Users\User\source\repos\Exam1\Exam1\Exam1.cpp(12,51): error C2653: fs: не является именем класса или пространства имен
C:\Users\User\source\repos\Exam1\Exam1\Exam1.cpp(12,55): error C3861: current_path: идентификатор не найден
C:\Users\User\source\repos\Exam1\Exam1\Exam1.cpp(12,32): error C3861: directory_iterator: идентификатор не найден
C:\Users\User\source\repos\Exam1\Exam1\Exam1.cpp(12,70): error C2143: синтаксическая ошибка: отсутствие ";" перед ")"
C:\Users\User\source\repos\Exam1\Exam1\Exam1.cpp(19,13): error C2653: fs: не является именем класса или пространства имен
C:\Users\User\source\repos\Exam1\Exam1\Exam1.cpp(19,17): error C3861: create_directory: идентификатор не найден
C:\Users\User\source\repos\Exam1\Exam1\Exam1.cpp(22,22): error C2653: fs: не является именем класса или пространства имен
C:\Users\User\source\repos\Exam1\Exam1\Exam1.cpp(22,1): error C4430: отсутствует спецификатор типа - предполагается int. Примечание. C++ не поддерживает int по умолчанию
C:\Users\User\source\repos\Exam1\Exam1\Exam1.cpp(22,42): error C2143: синтаксическая ошибка: отсутствие "," перед "&"
C:\Users\User\source\repos\Exam1\Exam1\Exam1.cpp(23,55): error C2065: ex: необъявленный идентификатор
C:\Users\User\source\repos\Exam1\Exam1\Exam1.cpp(30,13): error C2653: fs: не является именем класса или пространства имен
C:\Users\User\source\repos\Exam1\Exam1\Exam1.cpp(30,17): error C3861: remove_all: идентификатор не найден
C:\Users\User\source\repos\Exam1\Exam1\Exam1.cpp(33,22): error C2653: fs: не является именем класса или пространства имен
C:\Users\User\source\repos\Exam1\Exam1\Exam1.cpp(33,1): error C4430: отсутствует спецификатор типа - предполагается int. Примечание. C++ не поддерживает int по умолчанию
C:\Users\User\source\repos\Exam1\Exam1\Exam1.cpp(33,42): error C2143: синтаксическая ошибка: отсутствие "," перед "&"
C:\Users\User\source\repos\Exam1\Exam1\Exam1.cpp(34,54): error C2065: ex: необъявленный идентификатор
C:\Users\User\source\repos\Exam1\Exam1\Exam1.cpp(41,13): error C2653: fs: не является именем класса или пространства имен
C:\Users\User\source\repos\Exam1\Exam1\Exam1.cpp(41,17): error C2664: "int rename(const char *,const char *)": невозможно преобразовать аргумент 1 из "const std::string" в "const char *"
  C:\Users\User\source\repos\Exam1\Exam1\Exam1.cpp(41,24):
  Для выполнения данного преобразования нет доступного оператора преобразования, определенного пользователем, или вызов оператора невозможен
  C:\Program Files (x86)\Windows Kits\10\Include\10.0.22621.0\ucrt\stdio.h(374,26):
   см. объявление "rename"
  C:\Users\User\source\repos\Exam1\Exam1\Exam1.cpp(41,17):
  при попытке сопоставить список аргументов "(const std::string, const std::string)"
  
C:\Users\User\source\repos\Exam1\Exam1\Exam1.cpp(44,22): error C2653: fs: не является именем класса или пространства имен
C:\Users\User\source\repos\Exam1\Exam1\Exam1.cpp(44,1): error C4430: отсутствует спецификатор типа - предполагается int. Примечание. C++ не поддерживает int по умолчанию
C:\Users\User\source\repos\Exam1\Exam1\Exam1.cpp(44,42): error C2143: синтаксическая ошибка: отсутствие "," перед "&"
C:\Users\User\source\repos\Exam1\Exam1\Exam1.cpp(45,54): error C2065: ex: необъявленный идентификатор
C:\Users\User\source\repos\Exam1\Exam1\Exam1.cpp(52,20): error C2653: fs: не является именем класса или пространства имен
C:\Users\User\source\repos\Exam1\Exam1\Exam1.cpp(52,24): error C3861: file_size: идентификатор не найден
C:\Users\User\source\repos\Exam1\Exam1\Exam1.cpp(54,22): error C2653: fs: не является именем класса или пространства имен
C:\Users\User\source\repos\Exam1\Exam1\Exam1.cpp(54,1): error C4430: отсутствует спецификатор типа - предполагается int. Примечание. C++ не поддерживает int по умолчанию
C:\Users\User\source\repos\Exam1\Exam1\Exam1.cpp(54,42): error C2143: синтаксическая ошибка: отсутствие "," перед "&"
C:\Users\User\source\repos\Exam1\Exam1\Exam1.cpp(55,56): error C2065: ex: необъявленный идентификатор
C:\Users\User\source\repos\Exam1\Exam1\Exam1.cpp(64,32): error C2653: fs: не является именем класса или пространства имен
C:\Users\User\source\repos\Exam1\Exam1\Exam1.cpp(64,1): error C2530: entry: ссылки должны быть инициализированы
C:\Users\User\source\repos\Exam1\Exam1\Exam1.cpp(64,1): error C3531: entry: символ, тип которого содержит спецификатор 'auto' должен иметь инициализатор
C:\Users\User\source\repos\Exam1\Exam1\Exam1.cpp(64,30): error C2143: синтаксическая ошибка: отсутствие ";" перед ":"
C:\Users\User\source\repos\Exam1\Exam1\Exam1.cpp(64,36): error C3861: recursive_directory_iterator: идентификатор не найден
C:\Users\User\source\repos\Exam1\Exam1\Exam1.cpp(64,75): error C2143: синтаксическая ошибка: отсутствие ";" перед ")"
C:\Users\User\source\repos\Exam1\Exam1\Exam1.cpp(70,22): error C2653: fs: не является именем класса или пространства имен
C:\Users\User\source\repos\Exam1\Exam1\Exam1.cpp(70,1): error C4430: отсутствует спецификатор типа - предполагается int. Примечание. C++ не поддерживает int по умолчанию
C:\Users\User\source\repos\Exam1\Exam1\Exam1.cpp(70,42): error C2143: синтаксическая ошибка: отсутствие "," перед "&"
C:\Users\User\source\repos\Exam1\Exam1\Exam1.cpp(71,49): error C2065: ex: необъявленный идентификатор
